[1.835s] Invoking command in '/home/ash-galal/task_ws/src/pre_interview': DEBUGINFOD_URLS=https://debuginfod.ubuntu.com PYTHONPATH=/home/ash-galal/task_ws/build/pre_interview/prefix_override:/usr/lib/python3/dist-packages/colcon_core/task/python/colcon_distutils_commands:/home/ash-galal/task_ws/install/pre_interview/lib/python3.12/site-packages:${PYTHONPATH} /usr/bin/python3 -W ignore:setup.py install is deprecated -W ignore:easy_install command is deprecated setup.py egg_info --egg-base ../../build/pre_interview build --build-base /home/ash-galal/task_ws/build/pre_interview/build install --record /home/ash-galal/task_ws/build/pre_interview/install.log --single-version-externally-managed install_data
[2.258s] running egg_info
[2.290s] writing ../../build/pre_interview/pre_interview.egg-info/PKG-INFO
[2.290s] writing dependency_links to ../../build/pre_interview/pre_interview.egg-info/dependency_links.txt
[2.290s] writing entry points to ../../build/pre_interview/pre_interview.egg-info/entry_points.txt
[2.291s] writing requirements to ../../build/pre_interview/pre_interview.egg-info/requires.txt
[2.291s] writing top-level names to ../../build/pre_interview/pre_interview.egg-info/top_level.txt
[2.360s] reading manifest file '../../build/pre_interview/pre_interview.egg-info/SOURCES.txt'
[2.362s] writing manifest file '../../build/pre_interview/pre_interview.egg-info/SOURCES.txt'
[2.362s] running build
[2.362s] running build_py
[2.362s] copying pre_interview/controller.py -> /home/ash-galal/task_ws/build/pre_interview/build/lib/pre_interview
[2.363s] running install
[2.372s] running install_lib
[2.406s] copying /home/ash-galal/task_ws/build/pre_interview/build/lib/pre_interview/controller.py -> /home/ash-galal/task_ws/install/pre_interview/lib/python3.12/site-packages/pre_interview
[2.407s] byte-compiling /home/ash-galal/task_ws/install/pre_interview/lib/python3.12/site-packages/pre_interview/controller.py to controller.cpython-312.pyc
[2.410s] running install_data
[2.410s] copying package.xml -> /home/ash-galal/task_ws/install/pre_interview/share/pre_interview
[2.411s] copying launch/sim.launch.py -> /home/ash-galal/task_ws/install/pre_interview/share/pre_interview/launch
[2.411s] running install_egg_info
[2.447s] Copying ../../build/pre_interview/pre_interview.egg-info to /home/ash-galal/task_ws/install/pre_interview/lib/python3.12/site-packages/pre_interview-0.0.0-py3.12.egg-info
[2.448s] running install_scripts
[2.660s] Installing controller script to /home/ash-galal/task_ws/install/pre_interview/lib/pre_interview
[2.660s] writing list of installed files to '/home/ash-galal/task_ws/build/pre_interview/install.log'
[2.699s] Invoked command in '/home/ash-galal/task_ws/src/pre_interview' returned '0': DEBUGINFOD_URLS=https://debuginfod.ubuntu.com PYTHONPATH=/home/ash-galal/task_ws/build/pre_interview/prefix_override:/usr/lib/python3/dist-packages/colcon_core/task/python/colcon_distutils_commands:/home/ash-galal/task_ws/install/pre_interview/lib/python3.12/site-packages:${PYTHONPATH} /usr/bin/python3 -W ignore:setup.py install is deprecated -W ignore:easy_install command is deprecated setup.py egg_info --egg-base ../../build/pre_interview build --build-base /home/ash-galal/task_ws/build/pre_interview/build install --record /home/ash-galal/task_ws/build/pre_interview/install.log --single-version-externally-managed install_data
