[1.254s] Invoking command in '/home/ash-galal/task_ws/build/pre_interview': DEBUGINFOD_URLS=https://debuginfod.ubuntu.com PYTHONPATH=/home/ash-galal/task_ws/build/pre_interview/prefix_override:/usr/lib/python3/dist-packages/colcon_core/task/python/colcon_distutils_commands:/home/ash-galal/task_ws/install/pre_interview/lib/python3.12/site-packages:${PYTHONPATH} /usr/bin/python3 -W ignore:setup.py install is deprecated -W ignore:easy_install command is deprecated setup.py develop --uninstall --editable --build-directory /home/ash-galal/task_ws/build/pre_interview/build
[1.712s] running develop
[2.070s] Removing /home/ash-galal/task_ws/install/pre_interview/lib/python3.12/site-packages/pre-interview.egg-link (link to .)
[2.150s] Invoked command in '/home/ash-galal/task_ws/build/pre_interview' returned '0': DEBUGINFOD_URLS=https://debuginfod.ubuntu.com PYTHONPATH=/home/ash-galal/task_ws/build/pre_interview/prefix_override:/usr/lib/python3/dist-packages/colcon_core/task/python/colcon_distutils_commands:/home/ash-galal/task_ws/install/pre_interview/lib/python3.12/site-packages:${PYTHONPATH} /usr/bin/python3 -W ignore:setup.py install is deprecated -W ignore:easy_install command is deprecated setup.py develop --uninstall --editable --build-directory /home/ash-galal/task_ws/build/pre_interview/build
[2.152s] Invoking command in '/home/ash-galal/task_ws/src/pre_interview': DEBUGINFOD_URLS=https://debuginfod.ubuntu.com PYTHONPATH=/home/ash-galal/task_ws/build/pre_interview/prefix_override:/usr/lib/python3/dist-packages/colcon_core/task/python/colcon_distutils_commands:/home/ash-galal/task_ws/install/pre_interview/lib/python3.12/site-packages:${PYTHONPATH} /usr/bin/python3 -W ignore:setup.py install is deprecated -W ignore:easy_install command is deprecated setup.py egg_info --egg-base ../../build/pre_interview build --build-base /home/ash-galal/task_ws/build/pre_interview/build install --record /home/ash-galal/task_ws/build/pre_interview/install.log --single-version-externally-managed install_data --force
[2.618s] running egg_info
[2.651s] writing ../../build/pre_interview/pre_interview.egg-info/PKG-INFO
[2.651s] writing dependency_links to ../../build/pre_interview/pre_interview.egg-info/dependency_links.txt
[2.651s] writing entry points to ../../build/pre_interview/pre_interview.egg-info/entry_points.txt
[2.652s] writing requirements to ../../build/pre_interview/pre_interview.egg-info/requires.txt
[2.652s] writing top-level names to ../../build/pre_interview/pre_interview.egg-info/top_level.txt
[2.720s] reading manifest file '../../build/pre_interview/pre_interview.egg-info/SOURCES.txt'
[2.721s] writing manifest file '../../build/pre_interview/pre_interview.egg-info/SOURCES.txt'
[2.721s] running build
[2.721s] running build_py
[2.721s] copying pre_interview/plot_results.py -> /home/ash-galal/task_ws/build/pre_interview/build/lib/pre_interview
[2.722s] copying pre_interview/controller.py -> /home/ash-galal/task_ws/build/pre_interview/build/lib/pre_interview
[2.722s] copying pre_interview/vehicle_model.py -> /home/ash-galal/task_ws/build/pre_interview/build/lib/pre_interview
[2.722s] running install
[2.731s] running install_lib
[2.763s] creating /home/ash-galal/task_ws/install/pre_interview/lib/python3.12/site-packages/pre_interview
[2.763s] copying /home/ash-galal/task_ws/build/pre_interview/build/lib/pre_interview/plot_results.py -> /home/ash-galal/task_ws/install/pre_interview/lib/python3.12/site-packages/pre_interview
[2.764s] copying /home/ash-galal/task_ws/build/pre_interview/build/lib/pre_interview/controller.py -> /home/ash-galal/task_ws/install/pre_interview/lib/python3.12/site-packages/pre_interview
[2.764s] copying /home/ash-galal/task_ws/build/pre_interview/build/lib/pre_interview/__init__.py -> /home/ash-galal/task_ws/install/pre_interview/lib/python3.12/site-packages/pre_interview
[2.764s] copying /home/ash-galal/task_ws/build/pre_interview/build/lib/pre_interview/vehicle_model.py -> /home/ash-galal/task_ws/install/pre_interview/lib/python3.12/site-packages/pre_interview
[2.764s] byte-compiling /home/ash-galal/task_ws/install/pre_interview/lib/python3.12/site-packages/pre_interview/plot_results.py to plot_results.cpython-312.pyc
[2.765s] byte-compiling /home/ash-galal/task_ws/install/pre_interview/lib/python3.12/site-packages/pre_interview/controller.py to controller.cpython-312.pyc
[2.767s] byte-compiling /home/ash-galal/task_ws/install/pre_interview/lib/python3.12/site-packages/pre_interview/__init__.py to __init__.cpython-312.pyc
[2.767s] byte-compiling /home/ash-galal/task_ws/install/pre_interview/lib/python3.12/site-packages/pre_interview/vehicle_model.py to vehicle_model.cpython-312.pyc
[2.768s] running install_data
[2.768s] copying resource/pre_interview -> /home/ash-galal/task_ws/install/pre_interview/share/ament_index/resource_index/packages
[2.768s] copying package.xml -> /home/ash-galal/task_ws/install/pre_interview/share/pre_interview
[2.769s] copying launch/sim.launch.py -> /home/ash-galal/task_ws/install/pre_interview/share/pre_interview/launch
[2.769s] running install_egg_info
[2.802s] Copying ../../build/pre_interview/pre_interview.egg-info to /home/ash-galal/task_ws/install/pre_interview/lib/python3.12/site-packages/pre_interview-0.1.0-py3.12.egg-info
[2.803s] running install_scripts
[3.007s] Installing controller script to /home/ash-galal/task_ws/install/pre_interview/lib/pre_interview
[3.007s] Installing plot_results script to /home/ash-galal/task_ws/install/pre_interview/lib/pre_interview
[3.008s] Installing vehicle_model script to /home/ash-galal/task_ws/install/pre_interview/lib/pre_interview
[3.008s] writing list of installed files to '/home/ash-galal/task_ws/build/pre_interview/install.log'
[3.047s] Invoked command in '/home/ash-galal/task_ws/src/pre_interview' returned '0': DEBUGINFOD_URLS=https://debuginfod.ubuntu.com PYTHONPATH=/home/ash-galal/task_ws/build/pre_interview/prefix_override:/usr/lib/python3/dist-packages/colcon_core/task/python/colcon_distutils_commands:/home/ash-galal/task_ws/install/pre_interview/lib/python3.12/site-packages:${PYTHONPATH} /usr/bin/python3 -W ignore:setup.py install is deprecated -W ignore:easy_install command is deprecated setup.py egg_info --egg-base ../../build/pre_interview build --build-base /home/ash-galal/task_ws/build/pre_interview/build install --record /home/ash-galal/task_ws/build/pre_interview/install.log --single-version-externally-managed install_data --force
