[1.322s] Invoking command in '/home/ash-galal/task_ws/src/pre_interview': DEBUGINFOD_URLS=https://debuginfod.ubuntu.com PYTHONPATH=/home/ash-galal/task_ws/build/pre_interview/prefix_override:/usr/lib/python3/dist-packages/colcon_core/task/python/colcon_distutils_commands:/home/ash-galal/task_ws/install/pre_interview/lib/python3.12/site-packages:${PYTHONPATH} /usr/bin/python3 -W ignore:setup.py install is deprecated -W ignore:easy_install command is deprecated setup.py egg_info --egg-base ../../build/pre_interview build --build-base /home/ash-galal/task_ws/build/pre_interview/build install --record /home/ash-galal/task_ws/build/pre_interview/install.log --single-version-externally-managed install_data
[1.826s] running egg_info
[1.864s] writing ../../build/pre_interview/pre_interview.egg-info/PKG-INFO
[1.864s] writing dependency_links to ../../build/pre_interview/pre_interview.egg-info/dependency_links.txt
[1.865s] writing entry points to ../../build/pre_interview/pre_interview.egg-info/entry_points.txt
[1.865s] writing requirements to ../../build/pre_interview/pre_interview.egg-info/requires.txt
[1.865s] writing top-level names to ../../build/pre_interview/pre_interview.egg-info/top_level.txt
[1.933s] reading manifest file '../../build/pre_interview/pre_interview.egg-info/SOURCES.txt'
[1.934s] writing manifest file '../../build/pre_interview/pre_interview.egg-info/SOURCES.txt'
[1.935s] running build
[1.935s] running build_py
[1.935s] running install
[1.944s] running install_lib
[1.978s] running install_data
[1.978s] copying launch/sim.launch.py -> /home/ash-galal/task_ws/install/pre_interview/share/pre_interview/launch
[1.978s] running install_egg_info
[2.015s] removing '/home/ash-galal/task_ws/install/pre_interview/lib/python3.12/site-packages/pre_interview-0.0.0-py3.12.egg-info' (and everything under it)
[2.015s] Copying ../../build/pre_interview/pre_interview.egg-info to /home/ash-galal/task_ws/install/pre_interview/lib/python3.12/site-packages/pre_interview-0.0.0-py3.12.egg-info
[2.017s] running install_scripts
[2.267s] Installing controller script to /home/ash-galal/task_ws/install/pre_interview/lib/pre_interview
[2.267s] writing list of installed files to '/home/ash-galal/task_ws/build/pre_interview/install.log'
[2.318s] Invoked command in '/home/ash-galal/task_ws/src/pre_interview' returned '0': DEBUGINFOD_URLS=https://debuginfod.ubuntu.com PYTHONPATH=/home/ash-galal/task_ws/build/pre_interview/prefix_override:/usr/lib/python3/dist-packages/colcon_core/task/python/colcon_distutils_commands:/home/ash-galal/task_ws/install/pre_interview/lib/python3.12/site-packages:${PYTHONPATH} /usr/bin/python3 -W ignore:setup.py install is deprecated -W ignore:easy_install command is deprecated setup.py egg_info --egg-base ../../build/pre_interview build --build-base /home/ash-galal/task_ws/build/pre_interview/build install --record /home/ash-galal/task_ws/build/pre_interview/install.log --single-version-externally-managed install_data
