[1.277s] Invoking command in '/home/ash-galal/task_ws/src/pre_interview': DEBUGINFOD_URLS=https://debuginfod.ubuntu.com PYTHONPATH=/home/ash-galal/task_ws/build/pre_interview/prefix_override:/usr/lib/python3/dist-packages/colcon_core/task/python/colcon_distutils_commands:/home/ash-galal/task_ws/install/pre_interview/lib/python3.12/site-packages:${PYTHONPATH} /usr/bin/python3 -W ignore:setup.py install is deprecated -W ignore:easy_install command is deprecated setup.py egg_info --egg-base ../../build/pre_interview build --build-base /home/ash-galal/task_ws/build/pre_interview/build install --record /home/ash-galal/task_ws/build/pre_interview/install.log --single-version-externally-managed install_data
[1.680s] running egg_info
[1.719s] writing ../../build/pre_interview/pre_interview.egg-info/PKG-INFO
[1.719s] writing dependency_links to ../../build/pre_interview/pre_interview.egg-info/dependency_links.txt
[1.720s] writing entry points to ../../build/pre_interview/pre_interview.egg-info/entry_points.txt
[1.720s] writing requirements to ../../build/pre_interview/pre_interview.egg-info/requires.txt
[1.721s] writing top-level names to ../../build/pre_interview/pre_interview.egg-info/top_level.txt
[1.795s] reading manifest file '../../build/pre_interview/pre_interview.egg-info/SOURCES.txt'
[1.796s] writing manifest file '../../build/pre_interview/pre_interview.egg-info/SOURCES.txt'
[1.796s] running build
[1.796s] running build_py
[1.797s] copying pre_interview/controller.py -> /home/ash-galal/task_ws/build/pre_interview/build/lib/pre_interview
[1.797s] running install
[1.808s] running install_lib
[1.844s] copying /home/ash-galal/task_ws/build/pre_interview/build/lib/pre_interview/controller.py -> /home/ash-galal/task_ws/install/pre_interview/lib/python3.12/site-packages/pre_interview
[1.845s] byte-compiling /home/ash-galal/task_ws/install/pre_interview/lib/python3.12/site-packages/pre_interview/controller.py to controller.cpython-312.pyc
[1.847s] running install_data
[1.847s] running install_egg_info
[1.886s] removing '/home/ash-galal/task_ws/install/pre_interview/lib/python3.12/site-packages/pre_interview-0.0.0-py3.12.egg-info' (and everything under it)
[1.887s] Copying ../../build/pre_interview/pre_interview.egg-info to /home/ash-galal/task_ws/install/pre_interview/lib/python3.12/site-packages/pre_interview-0.0.0-py3.12.egg-info
[1.889s] running install_scripts
[2.129s] Installing controller script to /home/ash-galal/task_ws/install/pre_interview/lib/pre_interview
[2.129s] writing list of installed files to '/home/ash-galal/task_ws/build/pre_interview/install.log'
[2.168s] Invoked command in '/home/ash-galal/task_ws/src/pre_interview' returned '0': DEBUGINFOD_URLS=https://debuginfod.ubuntu.com PYTHONPATH=/home/ash-galal/task_ws/build/pre_interview/prefix_override:/usr/lib/python3/dist-packages/colcon_core/task/python/colcon_distutils_commands:/home/ash-galal/task_ws/install/pre_interview/lib/python3.12/site-packages:${PYTHONPATH} /usr/bin/python3 -W ignore:setup.py install is deprecated -W ignore:easy_install command is deprecated setup.py egg_info --egg-base ../../build/pre_interview build --build-base /home/ash-galal/task_ws/build/pre_interview/build install --record /home/ash-galal/task_ws/build/pre_interview/install.log --single-version-externally-managed install_data
